byteCount[0] = 0
byteCount[1] = 0
byteCount[2] = 4
byteCount[3] = 34
byteCount[4] = 34
byteCount[5] = 34
byteCount[6] = 34
byteCount[7] = 34
byteCount[8] = 34
byteCount[9] = 34
byteCount[10] = 34
byteCount[11] = 7792
byteCount[12] = 7792
byteCount[13] = 7792
byteCount[14] = 15550
byteCount[15] = 15550
byteCount[16] = 15550
byteCount[17] = 15550
byteCount[18] = 15550
byteCount[19] = 15550
byteCount[20] = 15550
byteCount[21] = 15550
byteCount[22] = 15550
byteCount[23] = 15550
byteCount[24] = 15550
byteCount[25] = 15550
byteCount[26] = 15550
byteCount[27] = 15550
byteCount[28] = 15550
byteCount[29] = 15550
byteCount[30] = 15550
byteCount[31] = 15550
byteCount[32] = 15550
byteCount[33] = 85348
byteCount[34] = 85348
byteCount[35] = 100864
byteCount[36] = 100864
byteCount[37] = 100864
byteCount[38] = 101362
byteCount[39] = 101858
byteCount[40] = 101858
byteCount[41] = 101860
byteCount[42] = 101862
byteCount[43] = 101862
byteCount[44] = 109709
byteCount[45] = 112027
byteCount[46] = 141574
byteCount[47] = 184010
byteCount[48] = 235917
byteCount[49] = 313676
byteCount[50] = 367512
byteCount[51] = 419040
byteCount[52] = 442308
byteCount[53] = 458979
byteCount[54] = 471142
byteCount[55] = 484952
byteCount[56] = 495369
byteCount[57] = 517451
byteCount[58] = 531845
byteCount[59] = 555126
byteCount[60] = 555129
byteCount[61] = 555129
byteCount[62] = 557789
byteCount[63] = 557789
byteCount[64] = 560132
byteCount[65] = 560132
byteCount[66] = 560418
byteCount[67] = 560750
byteCount[68] = 560806
byteCount[69] = 561219
byteCount[70] = 566165
byteCount[71] = 566520
byteCount[72] = 571431
byteCount[73] = 579249
byteCount[74] = 579432
byteCount[75] = 579493
byteCount[76] = 579554
byteCount[77] = 579664
byteCount[78] = 587543
byteCount[79] = 587623
byteCount[80] = 590659
byteCount[81] = 601867
byteCount[82] = 601881
byteCount[83] = 601976
byteCount[84] = 605057
byteCount[85] = 628355
byteCount[86] = 628574
byteCount[87] = 628708
byteCount[88] = 628845
byteCount[89] = 628914
byteCount[90] = 628968
byteCount[91] = 628978
byteCount[92] = 636737
byteCount[93] = 636743
byteCount[94] = 644501
byteCount[95] = 644501
byteCount[96] = 646044
byteCount[97] = 646044
byteCount[98] = 664855
byteCount[99] = 667578
byteCount[100] = 680202
byteCount[101] = 686715
byteCount[102] = 710106
byteCount[103] = 711911
byteCount[104] = 720699
byteCount[105] = 726820
byteCount[106] = 738727
byteCount[107] = 742086
byteCount[108] = 743788
byteCount[109] = 756442
byteCount[110] = 764481
byteCount[111] = 786022
byteCount[112] = 801910
byteCount[113] = 822559
byteCount[114] = 823160
byteCount[115] = 833200
byteCount[116] = 850718
byteCount[117] = 866572
byteCount[118] = 876187
byteCount[119] = 878777
byteCount[120] = 886997
byteCount[121] = 889456
byteCount[122] = 899812
byteCount[123] = 899982
byteCount[124] = 899982
byteCount[125] = 899982
byteCount[126] = 899982
byteCount[127] = 899982
byteCount[128] = 899982
byteCount[129] = 899982
byteCount[130] = 899982
byteCount[131] = 899982
byteCount[132] = 899982
byteCount[133] = 899982
byteCount[134] = 899982
byteCount[135] = 899982
byteCount[136] = 899982
byteCount[137] = 899982
byteCount[138] = 899982
byteCount[139] = 899982
byteCount[140] = 899982
byteCount[141] = 899982
byteCount[142] = 899982
byteCount[143] = 899982
byteCount[144] = 899982
byteCount[145] = 899982
byteCount[146] = 899982
byteCount[147] = 899982
byteCount[148] = 899982
byteCount[149] = 899982
byteCount[150] = 899982
byteCount[151] = 899982
byteCount[152] = 899982
byteCount[153] = 899982
byteCount[154] = 899982
byteCount[155] = 899982
byteCount[156] = 899982
byteCount[157] = 899982
byteCount[158] = 899982
byteCount[159] = 899982
byteCount[160] = 899982
byteCount[161] = 899982
byteCount[162] = 899982
byteCount[163] = 899982
byteCount[164] = 899982
byteCount[165] = 899982
byteCount[166] = 899982
byteCount[167] = 899982
byteCount[168] = 899982
byteCount[169] = 899982
byteCount[170] = 899982
byteCount[171] = 899982
byteCount[172] = 899982
byteCount[173] = 899982
byteCount[174] = 899982
byteCount[175] = 899982
byteCount[176] = 899982
byteCount[177] = 899982
byteCount[178] = 899982
byteCount[179] = 899982
byteCount[180] = 899982
byteCount[181] = 899982
byteCount[182] = 899982
byteCount[183] = 899982
byteCount[184] = 899982
byteCount[185] = 899982
byteCount[186] = 899982
byteCount[187] = 899982
byteCount[188] = 899982
byteCount[189] = 899982
byteCount[190] = 899982
byteCount[191] = 899982
byteCount[192] = 899982
byteCount[193] = 899982
byteCount[194] = 899982
byteCount[195] = 899982
byteCount[196] = 899982
byteCount[197] = 899982
byteCount[198] = 899982
byteCount[199] = 899982
byteCount[200] = 899982
byteCount[201] = 899982
byteCount[202] = 899982
byteCount[203] = 899982
byteCount[204] = 899982
byteCount[205] = 899982
byteCount[206] = 899982
byteCount[207] = 899982
byteCount[208] = 899982
byteCount[209] = 899982
byteCount[210] = 899982
byteCount[211] = 899982
byteCount[212] = 899982
byteCount[213] = 899982
byteCount[214] = 899982
byteCount[215] = 899982
byteCount[216] = 899982
byteCount[217] = 899982
byteCount[218] = 899982
byteCount[219] = 899982
byteCount[220] = 899982
byteCount[221] = 899982
byteCount[222] = 899982
byteCount[223] = 899982
byteCount[224] = 899982
byteCount[225] = 899982
byteCount[226] = 899982
byteCount[227] = 899982
byteCount[228] = 899982
byteCount[229] = 899982
byteCount[230] = 899982
byteCount[231] = 899982
byteCount[232] = 899982
byteCount[233] = 899982
byteCount[234] = 899982
byteCount[235] = 899982
byteCount[236] = 899982
byteCount[237] = 899982
byteCount[238] = 899982
byteCount[239] = 899982
byteCount[240] = 899982
byteCount[241] = 899982
byteCount[242] = 899982
byteCount[243] = 899982
byteCount[244] = 899982
byteCount[245] = 899982
byteCount[246] = 899982
byteCount[247] = 899982
byteCount[248] = 899982
byteCount[249] = 899982
byteCount[250] = 899982
byteCount[251] = 899982
byteCount[252] = 899982
byteCount[253] = 899982
byteCount[254] = 899982
byteCount[255] = 899982
